
Showing logs for build [32mcb-kubecd-environment-pr-230-9-k5dl7-1[0m stage [32mfrom-build-pack[0m and container [32mstep-credential-initializer-clfkt[0m
{"level":"info","ts":1590202080.1908085,"logger":"fallback-logger","caller":"logging/config.go:69","msg":"Fetch GitHub commit ID from kodata failed: open /var/run/ko/refs/heads/0.8.0-ns-support: no such file or directory"}
{"level":"info","ts":1590202080.216952,"logger":"fallback-logger","caller":"creds-init/main.go:40","msg":"Credentials initialized."}

Showing logs for build [32mcb-kubecd-environment-pr-230-9-k5dl7-1[0m stage [32mfrom-build-pack[0m and container [32mstep-working-dir-initializer-w5nqd[0m
{"level":"info","ts":1590202081.1132855,"logger":"fallback-logger","caller":"logging/config.go:69","msg":"Fetch GitHub commit ID from kodata failed: open /var/run/ko/HEAD: no such file or directory"}
{"level":"info","ts":1590202081.1195927,"logger":"fallback-logger","caller":"bash/main.go:64","msg":"Successfully executed command \"sh -c mkdir -p /workspace/source\"; output "}

Showing logs for build [32mcb-kubecd-environment-pr-230-9-k5dl7-1[0m stage [32mfrom-build-pack[0m and container [32mstep-place-tools[0m

Showing logs for build [32mcb-kubecd-environment-pr-230-9-k5dl7-1[0m stage [32mfrom-build-pack[0m and container [32mstep-git-source-cb-kubecd-environment-pr-230-9-k5dl7-2rs5m[0m
{"level":"info","ts":1590202087.179994,"logger":"fallback-logger","caller":"logging/config.go:69","msg":"Fetch GitHub commit ID from kodata failed: open /var/run/ko/refs/heads/0.8.0-ns-support: no such file or directory"}
{"level":"info","ts":1590202088.3111203,"logger":"fallback-logger","caller":"git/git.go:103","msg":"Successfully cloned https://github.com/cb-kubecd/environment-pr-230-9-boot-gke-staging.git @ master in path /workspace/source"}

Showing logs for build [32mcb-kubecd-environment-pr-230-9-k5dl7-1[0m stage [32mfrom-build-pack[0m and container [32mstep-git-merge[0m
Using SHAs from PULL_REFS=master:adec5c6f62118a2916607757c5bff6dc58b9f323,1:68f9dce3050da6ec36fb17690e4833f514324f0d
DEBUG: LC_ALL=C JX_LOG_LEVEL=error git fetch origin --unshallow 68f9dce3050da6ec36fb17690e4833f514324f0d: adec5c6f62118a2916607757c5bff6dc58b9f323:
DEBUG: ran git fetch --unshallow origin 68f9dce3050da6ec36fb17690e4833f514324f0d: adec5c6f62118a2916607757c5bff6dc58b9f323: in 
DEBUG: LC_ALL=C JX_LOG_LEVEL=error git branch
DEBUG: LC_ALL=C JX_LOG_LEVEL=error git checkout master
DEBUG: ran git checkout master in 
DEBUG: LC_ALL=C JX_LOG_LEVEL=error git reset --hard adec5c6f62118a2916607757c5bff6dc58b9f323
DEBUG: ran git reset --hard adec5c6f62118a2916607757c5bff6dc58b9f323 in 
DEBUG: LC_ALL=C JX_LOG_LEVEL=error git clean -fd .
DEBUG: ran clean --force -d . in 
DEBUG: LC_ALL=C JX_LOG_LEVEL=error git merge 68f9dce3050da6ec36fb17690e4833f514324f0d
DEBUG: ran git merge 68f9dce3050da6ec36fb17690e4833f514324f0d in 
DEBUG: LC_ALL=C JX_LOG_LEVEL=error git log --format=%H%x1f%an%x1f%ae%x1f%cn%x1f%ce%x1f%s%n%b%x1e adec5c6f62118a2916607757c5bff6dc58b9f323..HEAD
Merged SHA 68f9dce3050da6ec36fb17690e4833f514324f0d with commit message 'chore: Promote bdd-spring-1590201681 to version 0.0.1' into base branch master

Showing logs for build [32mcb-kubecd-environment-pr-230-9-k5dl7-1[0m stage [32mfrom-build-pack[0m and container [32mstep-build-helm-build[0m
WARNING: No $CHART_REPOSITORY defined so using the default value of: http://jenkins-x-chartmuseum:8080
Adding missing Helm repo: storage.googleapis.com https://storage.googleapis.com/chartmuseum.jenkins-x.io
WARNING: No secrets found on "helm/repos" due: reading the secret "helm/repos" from vault: no secret "helm/repos" not found in vault
Read credentials for https://storage.googleapis.com/chartmuseum.jenkins-x.io from vault helm/repos
Successfully added Helm repository storage.googleapis.com.
Adding missing Helm repo: jenkins-x-chartmuseum http://jenkins-x-chartmuseum:8080
WARNING: No secrets found on "helm/repos" due: reading the secret "helm/repos" from vault: no secret "helm/repos" not found in vault
Read credentials for http://jenkins-x-chartmuseum:8080 from vault helm/repos
Successfully added Helm repository jenkins-x-chartmuseum.
WARNING: No $CHART_REPOSITORY defined so using the default value of: http://jenkins-x-chartmuseum:8080
Adding missing Helm repo: chartmuseum.jenkins-x.io http://chartmuseum.jenkins-x.io
WARNING: No secrets found on "helm/repos" due: reading the secret "helm/repos" from vault: no secret "helm/repos" not found in vault
Read credentials for http://chartmuseum.jenkins-x.io from vault helm/repos
Successfully added Helm repository chartmuseum.jenkins-x.io.
