
Showing logs for build [32mcb-kubecd-environment-pr-230-9-gk6tn-1[0m stage [32mfrom-build-pack[0m and container [32mstep-credential-initializer-794tg[0m
{"level":"info","ts":1590203315.2298954,"logger":"fallback-logger","caller":"logging/config.go:69","msg":"Fetch GitHub commit ID from kodata failed: open /var/run/ko/refs/heads/0.8.0-ns-support: no such file or directory"}
{"level":"info","ts":1590203315.2303972,"logger":"fallback-logger","caller":"creds-init/main.go:40","msg":"Credentials initialized."}

Showing logs for build [32mcb-kubecd-environment-pr-230-9-gk6tn-1[0m stage [32mfrom-build-pack[0m and container [32mstep-working-dir-initializer-c79r8[0m
{"level":"info","ts":1590203316.0508964,"logger":"fallback-logger","caller":"logging/config.go:69","msg":"Fetch GitHub commit ID from kodata failed: open /var/run/ko/HEAD: no such file or directory"}
{"level":"info","ts":1590203316.0535183,"logger":"fallback-logger","caller":"bash/main.go:64","msg":"Successfully executed command \"sh -c mkdir -p /workspace/source\"; output "}

Showing logs for build [32mcb-kubecd-environment-pr-230-9-gk6tn-1[0m stage [32mfrom-build-pack[0m and container [32mstep-place-tools[0m

Showing logs for build [32mcb-kubecd-environment-pr-230-9-gk6tn-1[0m stage [32mfrom-build-pack[0m and container [32mstep-git-source-cb-kubecd-environment-pr-230-9-gk6tn-mtcn2[0m
{"level":"info","ts":1590203320.1310697,"logger":"fallback-logger","caller":"logging/config.go:69","msg":"Fetch GitHub commit ID from kodata failed: open /var/run/ko/refs/heads/0.8.0-ns-support: no such file or directory"}
{"level":"info","ts":1590203321.139475,"logger":"fallback-logger","caller":"git/git.go:103","msg":"Successfully cloned https://github.com/cb-kubecd/environment-pr-230-9-boot-gke-staging.git @ master in path /workspace/source"}

Showing logs for build [32mcb-kubecd-environment-pr-230-9-gk6tn-1[0m stage [32mfrom-build-pack[0m and container [32mstep-git-merge[0m
Using SHAs from PULL_REFS=master:0eac525664a24c4091afd9d32da753c048046033,2:a2df515f5465b1c887e817c3eead1bacff8ae085
DEBUG: LC_ALL=C JX_LOG_LEVEL=error git fetch origin --unshallow a2df515f5465b1c887e817c3eead1bacff8ae085: 0eac525664a24c4091afd9d32da753c048046033:
DEBUG: ran git fetch --unshallow origin a2df515f5465b1c887e817c3eead1bacff8ae085: 0eac525664a24c4091afd9d32da753c048046033: in 
DEBUG: JX_LOG_LEVEL=error LC_ALL=C git branch
DEBUG: LC_ALL=C JX_LOG_LEVEL=error git checkout master
DEBUG: ran git checkout master in 
DEBUG: LC_ALL=C JX_LOG_LEVEL=error git reset --hard 0eac525664a24c4091afd9d32da753c048046033
DEBUG: ran git reset --hard 0eac525664a24c4091afd9d32da753c048046033 in 
DEBUG: LC_ALL=C JX_LOG_LEVEL=error git clean -fd .
DEBUG: ran clean --force -d . in 
DEBUG: LC_ALL=C JX_LOG_LEVEL=error git merge a2df515f5465b1c887e817c3eead1bacff8ae085
DEBUG: ran git merge a2df515f5465b1c887e817c3eead1bacff8ae085 in 
DEBUG: LC_ALL=C JX_LOG_LEVEL=error git log --format=%H%x1f%an%x1f%ae%x1f%cn%x1f%ce%x1f%s%n%b%x1e 0eac525664a24c4091afd9d32da753c048046033..HEAD
Merged SHA a2df515f5465b1c887e817c3eead1bacff8ae085 with commit message 'chore: Promote bdd-sbhg-1590202872 to version 0.0.1' into base branch master

Showing logs for build [32mcb-kubecd-environment-pr-230-9-gk6tn-1[0m stage [32mfrom-build-pack[0m and container [32mstep-build-helm-build[0m
WARNING: No $CHART_REPOSITORY defined so using the default value of: http://jenkins-x-chartmuseum:8080
Adding missing Helm repo: storage.googleapis.com https://storage.googleapis.com/chartmuseum.jenkins-x.io
WARNING: No secrets found on "helm/repos" due: reading the secret "helm/repos" from vault: no secret "helm/repos" not found in vault
Read credentials for https://storage.googleapis.com/chartmuseum.jenkins-x.io from vault helm/repos
Successfully added Helm repository storage.googleapis.com.
Adding missing Helm repo: jenkins-x-chartmuseum http://jenkins-x-chartmuseum:8080
WARNING: No secrets found on "helm/repos" due: reading the secret "helm/repos" from vault: no secret "helm/repos" not found in vault
Read credentials for http://jenkins-x-chartmuseum:8080 from vault helm/repos
Successfully added Helm repository jenkins-x-chartmuseum.
WARNING: No $CHART_REPOSITORY defined so using the default value of: http://jenkins-x-chartmuseum:8080
Adding missing Helm repo: chartmuseum.jenkins-x.io http://chartmuseum.jenkins-x.io
WARNING: No secrets found on "helm/repos" due: reading the secret "helm/repos" from vault: no secret "helm/repos" not found in vault
Read credentials for http://chartmuseum.jenkins-x.io from vault helm/repos
Successfully added Helm repository chartmuseum.jenkins-x.io.
