
Showing logs for build [32mcb-kubecd-environment-pr-230-9-mbzx4-1[0m stage [32mfrom-build-pack[0m and container [32mstep-credential-initializer-4jq94[0m
{"level":"info","ts":1590204154.4552345,"logger":"fallback-logger","caller":"logging/config.go:69","msg":"Fetch GitHub commit ID from kodata failed: open /var/run/ko/refs/heads/0.8.0-ns-support: no such file or directory"}
{"level":"info","ts":1590204154.4558284,"logger":"fallback-logger","caller":"creds-init/main.go:40","msg":"Credentials initialized."}

Showing logs for build [32mcb-kubecd-environment-pr-230-9-mbzx4-1[0m stage [32mfrom-build-pack[0m and container [32mstep-working-dir-initializer-6ng7b[0m
{"level":"info","ts":1590204155.4309285,"logger":"fallback-logger","caller":"logging/config.go:69","msg":"Fetch GitHub commit ID from kodata failed: open /var/run/ko/HEAD: no such file or directory"}
{"level":"info","ts":1590204155.4344838,"logger":"fallback-logger","caller":"bash/main.go:64","msg":"Successfully executed command \"sh -c mkdir -p /workspace/source\"; output "}

Showing logs for build [32mcb-kubecd-environment-pr-230-9-mbzx4-1[0m stage [32mfrom-build-pack[0m and container [32mstep-place-tools[0m

Showing logs for build [32mcb-kubecd-environment-pr-230-9-mbzx4-1[0m stage [32mfrom-build-pack[0m and container [32mstep-git-source-cb-kubecd-environment-pr-230-9-mbzx4-sc56w[0m
{"level":"info","ts":1590204160.5497432,"logger":"fallback-logger","caller":"logging/config.go:69","msg":"Fetch GitHub commit ID from kodata failed: open /var/run/ko/refs/heads/0.8.0-ns-support: no such file or directory"}
{"level":"info","ts":1590204161.6003795,"logger":"fallback-logger","caller":"git/git.go:103","msg":"Successfully cloned https://github.com/cb-kubecd/environment-pr-230-9-boot-gke-staging.git @ master in path /workspace/source"}

Showing logs for build [32mcb-kubecd-environment-pr-230-9-mbzx4-1[0m stage [32mfrom-build-pack[0m and container [32mstep-git-merge[0m
Using SHAs from PULL_REFS=master:c749fa067730db6834ec67763297d3fe45e2bb91,3:4914ddf85a2a7b32a22ddc8664e818e57a880817
DEBUG: LC_ALL=C JX_LOG_LEVEL=error git fetch origin --unshallow 4914ddf85a2a7b32a22ddc8664e818e57a880817: c749fa067730db6834ec67763297d3fe45e2bb91:
DEBUG: ran git fetch --unshallow origin 4914ddf85a2a7b32a22ddc8664e818e57a880817: c749fa067730db6834ec67763297d3fe45e2bb91: in 
DEBUG: LC_ALL=C JX_LOG_LEVEL=error git branch
DEBUG: LC_ALL=C JX_LOG_LEVEL=error git checkout master
DEBUG: ran git checkout master in 
DEBUG: LC_ALL=C JX_LOG_LEVEL=error git reset --hard c749fa067730db6834ec67763297d3fe45e2bb91
DEBUG: ran git reset --hard c749fa067730db6834ec67763297d3fe45e2bb91 in 
DEBUG: LC_ALL=C JX_LOG_LEVEL=error git clean -fd .
DEBUG: ran clean --force -d . in 
DEBUG: LC_ALL=C JX_LOG_LEVEL=error git merge 4914ddf85a2a7b32a22ddc8664e818e57a880817
DEBUG: ran git merge 4914ddf85a2a7b32a22ddc8664e818e57a880817 in 
DEBUG: LC_ALL=C JX_LOG_LEVEL=error git log --format=%H%x1f%an%x1f%ae%x1f%cn%x1f%ce%x1f%s%n%b%x1e c749fa067730db6834ec67763297d3fe45e2bb91..HEAD
Merged SHA 4914ddf85a2a7b32a22ddc8664e818e57a880817 with commit message 'chore: Promote bdd-nh-1590202872 to version 0.0.1' into base branch master

Showing logs for build [32mcb-kubecd-environment-pr-230-9-mbzx4-1[0m stage [32mfrom-build-pack[0m and container [32mstep-build-helm-build[0m
WARNING: No $CHART_REPOSITORY defined so using the default value of: http://jenkins-x-chartmuseum:8080
Adding missing Helm repo: storage.googleapis.com https://storage.googleapis.com/chartmuseum.jenkins-x.io
WARNING: No secrets found on "helm/repos" due: reading the secret "helm/repos" from vault: no secret "helm/repos" not found in vault
Read credentials for https://storage.googleapis.com/chartmuseum.jenkins-x.io from vault helm/repos
Successfully added Helm repository storage.googleapis.com.
Adding missing Helm repo: jenkins-x-chartmuseum http://jenkins-x-chartmuseum:8080
WARNING: No secrets found on "helm/repos" due: reading the secret "helm/repos" from vault: no secret "helm/repos" not found in vault
Read credentials for http://jenkins-x-chartmuseum:8080 from vault helm/repos
Successfully added Helm repository jenkins-x-chartmuseum.
WARNING: No $CHART_REPOSITORY defined so using the default value of: http://jenkins-x-chartmuseum:8080
Adding missing Helm repo: chartmuseum.jenkins-x.io http://chartmuseum.jenkins-x.io
WARNING: No secrets found on "helm/repos" due: reading the secret "helm/repos" from vault: no secret "helm/repos" not found in vault
Read credentials for http://chartmuseum.jenkins-x.io from vault helm/repos
Successfully added Helm repository chartmuseum.jenkins-x.io.
