
Showing logs for build [32mcb-kubecd-environment-pr-230-9-qt87w-1[0m stage [32mfrom-build-pack[0m and container [32mstep-credential-initializer-67qnv[0m
{"level":"info","ts":1590205547.2991412,"logger":"fallback-logger","caller":"logging/config.go:69","msg":"Fetch GitHub commit ID from kodata failed: open /var/run/ko/refs/heads/0.8.0-ns-support: no such file or directory"}
{"level":"info","ts":1590205547.3027434,"logger":"fallback-logger","caller":"creds-init/main.go:40","msg":"Credentials initialized."}

Showing logs for build [32mcb-kubecd-environment-pr-230-9-qt87w-1[0m stage [32mfrom-build-pack[0m and container [32mstep-working-dir-initializer-vzs8q[0m
{"level":"info","ts":1590205548.3219922,"logger":"fallback-logger","caller":"logging/config.go:69","msg":"Fetch GitHub commit ID from kodata failed: open /var/run/ko/HEAD: no such file or directory"}
{"level":"info","ts":1590205548.3233669,"logger":"fallback-logger","caller":"bash/main.go:64","msg":"Successfully executed command \"sh -c mkdir -p /workspace/source\"; output "}

Showing logs for build [32mcb-kubecd-environment-pr-230-9-qt87w-1[0m stage [32mfrom-build-pack[0m and container [32mstep-place-tools[0m

Showing logs for build [32mcb-kubecd-environment-pr-230-9-qt87w-1[0m stage [32mfrom-build-pack[0m and container [32mstep-git-source-cb-kubecd-environment-pr-230-9-qt87w-4w829[0m
{"level":"info","ts":1590205553.5065367,"logger":"fallback-logger","caller":"logging/config.go:69","msg":"Fetch GitHub commit ID from kodata failed: open /var/run/ko/refs/heads/0.8.0-ns-support: no such file or directory"}
{"level":"info","ts":1590205554.5434558,"logger":"fallback-logger","caller":"git/git.go:103","msg":"Successfully cloned https://github.com/cb-kubecd/environment-pr-230-9-boot-gke-staging.git @ master in path /workspace/source"}

Showing logs for build [32mcb-kubecd-environment-pr-230-9-qt87w-1[0m stage [32mfrom-build-pack[0m and container [32mstep-git-merge[0m
Using SHAs from PULL_REFS=master:bd0446160177f47ac46117fe85040ac5805dfd9f,5:517e9dd12802c1d45bbb0ae8e8d18036ed469814
DEBUG: LC_ALL=C JX_LOG_LEVEL=error git fetch origin --unshallow 517e9dd12802c1d45bbb0ae8e8d18036ed469814: bd0446160177f47ac46117fe85040ac5805dfd9f:
DEBUG: ran git fetch --unshallow origin 517e9dd12802c1d45bbb0ae8e8d18036ed469814: bd0446160177f47ac46117fe85040ac5805dfd9f: in 
DEBUG: LC_ALL=C JX_LOG_LEVEL=error git branch
DEBUG: JX_LOG_LEVEL=error LC_ALL=C git checkout master
DEBUG: ran git checkout master in 
DEBUG: JX_LOG_LEVEL=error LC_ALL=C git reset --hard bd0446160177f47ac46117fe85040ac5805dfd9f
DEBUG: ran git reset --hard bd0446160177f47ac46117fe85040ac5805dfd9f in 
DEBUG: LC_ALL=C JX_LOG_LEVEL=error git clean -fd .
DEBUG: ran clean --force -d . in 
DEBUG: JX_LOG_LEVEL=error LC_ALL=C git merge 517e9dd12802c1d45bbb0ae8e8d18036ed469814
DEBUG: ran git merge 517e9dd12802c1d45bbb0ae8e8d18036ed469814 in 
DEBUG: LC_ALL=C JX_LOG_LEVEL=error git log --format=%H%x1f%an%x1f%ae%x1f%cn%x1f%ce%x1f%s%n%b%x1e bd0446160177f47ac46117fe85040ac5805dfd9f..HEAD
Merged SHA 517e9dd12802c1d45bbb0ae8e8d18036ed469814 with commit message 'chore: Promote bdd-ghf**y-import-1590205372 to version 0.0.1' into base branch master

Showing logs for build [32mcb-kubecd-environment-pr-230-9-qt87w-1[0m stage [32mfrom-build-pack[0m and container [32mstep-build-helm-build[0m
WARNING: No $CHART_REPOSITORY defined so using the default value of: http://jenkins-x-chartmuseum:8080
Adding missing Helm repo: storage.googleapis.com https://storage.googleapis.com/chartmuseum.jenkins-x.io
WARNING: No secrets found on "helm/repos" due: reading the secret "helm/repos" from vault: no secret "helm/repos" not found in vault
Read credentials for https://storage.googleapis.com/chartmuseum.jenkins-x.io from vault helm/repos
Successfully added Helm repository storage.googleapis.com.
Adding missing Helm repo: jenkins-x-chartmuseum http://jenkins-x-chartmuseum:8080
WARNING: No secrets found on "helm/repos" due: reading the secret "helm/repos" from vault: no secret "helm/repos" not found in vault
Read credentials for http://jenkins-x-chartmuseum:8080 from vault helm/repos
Successfully added Helm repository jenkins-x-chartmuseum.
WARNING: No $CHART_REPOSITORY defined so using the default value of: http://jenkins-x-chartmuseum:8080
Adding missing Helm repo: chartmuseum.jenkins-x.io http://chartmuseum.jenkins-x.io
WARNING: No secrets found on "helm/repos" due: reading the secret "helm/repos" from vault: no secret "helm/repos" not found in vault
Read credentials for http://chartmuseum.jenkins-x.io from vault helm/repos
Successfully added Helm repository chartmuseum.jenkins-x.io.
